C:\Project\H4EAD\H4_EAD Angular\dist\out-tsc\e2e\src\app.po.js
C:\Project\H4EAD\H4_EAD Angular\dist\out-tsc\e2e\src\app.po.js.map
C:\Project\H4EAD\H4_EAD Angular\dist\out-tsc\e2e\src\app.e2e-spec.js
C:\Project\H4EAD\H4_EAD Angular\dist\out-tsc\e2e\src\app.e2e-spec.js.map
C:\Project\H4EAD\H4_EAD Angular\dist\out-tsc\src\app\Components\application-form\application-form.component.js
C:\Project\H4EAD\H4_EAD Angular\dist\out-tsc\src\app\Components\application-form\application-form.component.js.map
C:\Project\H4EAD\H4_EAD Angular\dist\out-tsc\src\app\Components\login\login.component.js
C:\Project\H4EAD\H4_EAD Angular\dist\out-tsc\src\app\Components\login\login.component.js.map
C:\Project\H4EAD\H4_EAD Angular\dist\out-tsc\src\app\material\material.module.js
C:\Project\H4EAD\H4_EAD Angular\dist\out-tsc\src\app\material\material.module.js.map
C:\Project\H4EAD\H4_EAD Angular\dist\out-tsc\src\app\reason-and-perosnal-information\reason-and-perosnal-information.component.js
C:\Project\H4EAD\H4_EAD Angular\dist\out-tsc\src\app\reason-and-perosnal-information\reason-and-perosnal-information.component.js.map
C:\Project\H4EAD\H4_EAD Angular\dist\out-tsc\src\app\reason-and-perosnal-information\reason-and-perosnal-information-routing.module.js
C:\Project\H4EAD\H4_EAD Angular\dist\out-tsc\src\app\reason-and-perosnal-information\reason-and-perosnal-information-routing.module.js.map
C:\Project\H4EAD\H4_EAD Angular\dist\out-tsc\src\app\reason-and-perosnal-information\reason-and-perosnal-information.module.js
C:\Project\H4EAD\H4_EAD Angular\dist\out-tsc\src\app\reason-and-perosnal-information\reason-and-perosnal-information.module.js.map
C:\Project\H4EAD\H4_EAD Angular\dist\out-tsc\src\app\mailingand-physical-address\mailingand-physical-address.component.js
C:\Project\H4EAD\H4_EAD Angular\dist\out-tsc\src\app\mailingand-physical-address\mailingand-physical-address.component.js.map
C:\Project\H4EAD\H4_EAD Angular\dist\out-tsc\src\app\mailingand-physical-address\mailingand-physical-address-routing.module.js
C:\Project\H4EAD\H4_EAD Angular\dist\out-tsc\src\app\mailingand-physical-address\mailingand-physical-address-routing.module.js.map
C:\Project\H4EAD\H4_EAD Angular\dist\out-tsc\src\app\mailingand-physical-address\mailingand-physical-address.module.js
C:\Project\H4EAD\H4_EAD Angular\dist\out-tsc\src\app\mailingand-physical-address\mailingand-physical-address.module.js.map
C:\Project\H4EAD\H4_EAD Angular\dist\out-tsc\src\app\other-info1\other-info1.component.js
C:\Project\H4EAD\H4_EAD Angular\dist\out-tsc\src\app\other-info1\other-info1.component.js.map
C:\Project\H4EAD\H4_EAD Angular\dist\out-tsc\src\app\other-info1\other-info1-routing.module.js
C:\Project\H4EAD\H4_EAD Angular\dist\out-tsc\src\app\other-info1\other-info1-routing.module.js.map
C:\Project\H4EAD\H4_EAD Angular\dist\out-tsc\src\app\other-info1\other-info1.module.js
C:\Project\H4EAD\H4_EAD Angular\dist\out-tsc\src\app\other-info1\other-info1.module.js.map
C:\Project\H4EAD\H4_EAD Angular\dist\out-tsc\src\app\other-info2\other-info2.component.js
C:\Project\H4EAD\H4_EAD Angular\dist\out-tsc\src\app\other-info2\other-info2.component.js.map
C:\Project\H4EAD\H4_EAD Angular\dist\out-tsc\src\app\other-info2\other-info2-routing.module.js
C:\Project\H4EAD\H4_EAD Angular\dist\out-tsc\src\app\other-info2\other-info2-routing.module.js.map
C:\Project\H4EAD\H4_EAD Angular\dist\out-tsc\src\app\other-info2\other-info2.module.js
C:\Project\H4EAD\H4_EAD Angular\dist\out-tsc\src\app\other-info2\other-info2.module.js.map
C:\Project\H4EAD\H4_EAD Angular\dist\out-tsc\src\app\other-info3\other-info3.component.js
C:\Project\H4EAD\H4_EAD Angular\dist\out-tsc\src\app\other-info3\other-info3.component.js.map
C:\Project\H4EAD\H4_EAD Angular\dist\out-tsc\src\app\other-info3\other-info3-routing.module.js
C:\Project\H4EAD\H4_EAD Angular\dist\out-tsc\src\app\other-info3\other-info3-routing.module.js.map
C:\Project\H4EAD\H4_EAD Angular\dist\out-tsc\src\app\other-info3\other-info3.module.js
C:\Project\H4EAD\H4_EAD Angular\dist\out-tsc\src\app\other-info3\other-info3.module.js.map
C:\Project\H4EAD\H4_EAD Angular\dist\out-tsc\src\app\app-routing.module.js
C:\Project\H4EAD\H4_EAD Angular\dist\out-tsc\src\app\app-routing.module.js.map
C:\Project\H4EAD\H4_EAD Angular\dist\out-tsc\src\app\app.component.js
C:\Project\H4EAD\H4_EAD Angular\dist\out-tsc\src\app\app.component.js.map
C:\Project\H4EAD\H4_EAD Angular\dist\out-tsc\src\app\app.module.js
C:\Project\H4EAD\H4_EAD Angular\dist\out-tsc\src\app\app.module.js.map
C:\Project\H4EAD\H4_EAD Angular\dist\out-tsc\src\environments\environment.js
C:\Project\H4EAD\H4_EAD Angular\dist\out-tsc\src\environments\environment.js.map
C:\Project\H4EAD\H4_EAD Angular\dist\out-tsc\src\main.js
C:\Project\H4EAD\H4_EAD Angular\dist\out-tsc\src\main.js.map
C:\Project\H4EAD\H4_EAD Angular\dist\out-tsc\src\polyfills.js
C:\Project\H4EAD\H4_EAD Angular\dist\out-tsc\src\polyfills.js.map
C:\Project\H4EAD\H4_EAD Angular\dist\out-tsc\src\test.js
C:\Project\H4EAD\H4_EAD Angular\dist\out-tsc\src\test.js.map
C:\Project\H4EAD\H4_EAD Angular\dist\out-tsc\src\app\app.component.spec.js
C:\Project\H4EAD\H4_EAD Angular\dist\out-tsc\src\app\app.component.spec.js.map
C:\Project\H4EAD\H4_EAD Angular\dist\out-tsc\src\app\Components\application-form\application-form.component.spec.js
C:\Project\H4EAD\H4_EAD Angular\dist\out-tsc\src\app\Components\application-form\application-form.component.spec.js.map
C:\Project\H4EAD\H4_EAD Angular\dist\out-tsc\src\app\Components\login\login.component.spec.js
C:\Project\H4EAD\H4_EAD Angular\dist\out-tsc\src\app\Components\login\login.component.spec.js.map
C:\Project\H4EAD\H4_EAD Angular\dist\out-tsc\src\app\mailingand-physical-address\mailingand-physical-address.component.spec.js
C:\Project\H4EAD\H4_EAD Angular\dist\out-tsc\src\app\mailingand-physical-address\mailingand-physical-address.component.spec.js.map
C:\Project\H4EAD\H4_EAD Angular\dist\out-tsc\src\app\other-info1\other-info1.component.spec.js
C:\Project\H4EAD\H4_EAD Angular\dist\out-tsc\src\app\other-info1\other-info1.component.spec.js.map
C:\Project\H4EAD\H4_EAD Angular\dist\out-tsc\src\app\other-info2\other-info2.component.spec.js
C:\Project\H4EAD\H4_EAD Angular\dist\out-tsc\src\app\other-info2\other-info2.component.spec.js.map
C:\Project\H4EAD\H4_EAD Angular\dist\out-tsc\src\app\other-info3\other-info3.component.spec.js
C:\Project\H4EAD\H4_EAD Angular\dist\out-tsc\src\app\other-info3\other-info3.component.spec.js.map
C:\Project\H4EAD\H4_EAD Angular\dist\out-tsc\src\app\reason-and-perosnal-information\reason-and-perosnal-information.component.spec.js
C:\Project\H4EAD\H4_EAD Angular\dist\out-tsc\src\app\reason-and-perosnal-information\reason-and-perosnal-information.component.spec.js.map
C:\Project\H4EAD\H4_EAD Angular\dist\out-tsc\src\environments\environment.prod.js
C:\Project\H4EAD\H4_EAD Angular\dist\out-tsc\src\environments\environment.prod.js.map
